********************************************************************************
DUPLICATOR-LITE PACKAGE-LOG: January 28, 2025 8:11 pm
NOTICE: Do NOT post to public sites or forums 
********************************************************************************
VERSION:	1.5.11.2
WORDPRESS:	6.7.1
PHP INFO:	8.2.12 | SAPI: apache2handler
SERVER:		Apache/2.4.58 (Win64) OpenSSL/3.1.3 PHP/8.2.12 
PHP TIME LIMIT: (0) no time limit imposed 
PHP MAX MEMORY: 4294967296 (512M default) 
MEMORY STACK: 44MB
[CTRL DUP ARCIVE] PACKAGE AS NEW ID 2 SAVED | STATUS:0
[DUP ARCHIVE] BUILDING DATABASE

********************************************************************************
DATABASE:
********************************************************************************
BUILD MODE:   MYSQLDUMP
MYSQLTIMEOUT: 5000
MYSQLDUMP:    Is Supported
SQL CREATED: 20250124_johns_ga_portfolio_88e575b044f161a71481_20250128201014_database.sql
SQL FILE SIZE: 1.03MB (1085211)
SQL FILE TIME: 2025-01-28 20:11:07
SQL RUNTIME: 3.17 sec.
[DUP ARCHIVE] VALIDATING DATABASE
[DUP ARCHIVE] DONE DATABASE

********************************************************************************
ARCHIVE Type=DUP Mode=DupArchive
********************************************************************************
ARCHIVE DIR:  C:/xampp/htdocs/wordpresstest
ARCHIVE FILE: 20250124_johns_ga_portfolio_88e575b044f161a71481_20250128201014_archive.daf
FILTERS: *OFF*
DIRS:
	not set
FILES:
	not set
EXTS:  not set
----------------------------------------
COMPRESSING
SIZE:	134.51MB
STATS:	Dirs 866 | Files 8,339 | Total 9,205
[DUP ARCHIVE] DONE ARCHIVE
[DUP ARCHIVE] DONE ARCHIVE
[DUP ARCHIVE] DONE ARCHIVE
[DUP ARCHIVE] DONE ARCHIVE
[DUP ARCHIVE] DONE ARCHIVE
[DUP ARCHIVE] DONE ARCHIVE
[DUP ARCHIVE] DONE ARCHIVE
[DUP ARCHIVE] DONE ARCHIVE
[DUP ARCHIVE] DONE ARCHIVE
[DUP ARCHIVE] DONE ARCHIVE
building installer
[DUP ARCHIVE] DONE ARCHIVE
COMPRESSED SIZE: 75.74MB
ARCHIVE RUNTIME: 104.60 sec.
MEMORY STACK: 48MB
CREATE WARNINGS: No warnings.
VALIDATION WARNINGS: No warnings.
[DUP ARCHIVE] DONE ARCHIVE
[DUP ARCHIVE] HAS COMPLETED CLOSING
[DUP ARCHIVE] DUP ARCHIVE INTEGRITY CHECK

********************************************************************************
INTEGRITY CHECKS:
********************************************************************************
SQL FILE: 1.03MB
INSTALLER FILE: 94.82KB
ARCHIVE FILE: 75.74MB 
EXPECTED FILE/DIRECTORY COUNT: 9,944
ACTUAL FILE/DIRECTORY COUNT: 9,945

********************************************************************************
RECORD ID:[2]
TOTAL PROCESS RUNTIME: 104.61 sec.
PEAK PHP MEMORY USED: 48MB
DONE PROCESSING => 20250124_johns_ga_portfolio 2025-01-28 20:12:48

